2025-06-25 17:52:15,572 - INFO - Loaded configuration from config.json
2025-06-25 17:52:15,573 - INFO - Starting scrape of https://www.ainews.com/
2025-06-25 17:52:17,028 - INFO - Status Code: 200
2025-06-25 17:52:17,030 - INFO - Found 12 articles
2025-06-25 17:52:17,031 - INFO - Processing article 1/12
2025-06-25 17:52:19,654 - INFO - Processing article 2/12
2025-06-25 17:52:21,950 - INFO - Processing article 3/12
2025-06-25 17:52:26,326 - INFO - Processing article 4/12
2025-06-25 17:52:28,169 - INFO - Processing article 5/12
2025-06-25 17:52:30,333 - INFO - Processing article 6/12
2025-06-25 17:52:33,102 - INFO - Processing article 7/12
2025-06-25 17:52:35,502 - INFO - Processing article 8/12
2025-06-25 17:52:37,717 - INFO - Processing article 9/12
2025-06-25 17:52:39,910 - INFO - Processing article 10/12
2025-06-25 17:52:42,298 - INFO - Processing article 11/12
2025-06-25 17:52:44,318 - INFO - Processing article 12/12
2025-06-25 17:52:47,113 - INFO - Successfully scraped 12 articles
2025-06-25 17:52:47,127 - INFO - Saved 12 unique articles to assets/csv/ainews.csv
2025-06-25 17:52:47,131 - INFO - Saved data to assets/json/ainews.json
2025-06-25 17:52:47,134 - INFO - === SCRAPING SUMMARY ===
2025-06-25 17:52:47,135 - INFO - Total articles: 12
2025-06-25 17:52:47,136 - INFO - Articles with full content: 12
2025-06-25 17:52:47,137 - INFO - Average word count: 1232.0
2025-06-25 17:52:47,137 - INFO - ========================
2025-06-26 12:26:14,032 - INFO - Loaded configuration from config.json
2025-06-26 12:26:14,033 - INFO - Starting scrape of https://www.ainews.com/
2025-06-26 12:26:18,626 - INFO - Status Code: 200
2025-06-26 12:26:18,636 - INFO - Found 12 articles
2025-06-26 12:26:18,637 - INFO - Processing article 1/12
2025-06-26 12:26:21,917 - INFO - Processing article 2/12
2025-06-26 12:26:24,012 - INFO - Processing article 3/12
2025-06-26 12:26:25,811 - INFO - Processing article 4/12
2025-06-26 12:26:28,988 - INFO - Processing article 5/12
2025-06-26 12:26:31,426 - INFO - Processing article 6/12
2025-06-26 12:26:33,895 - INFO - Processing article 7/12
2025-06-26 12:26:35,804 - INFO - Processing article 8/12
2025-06-26 12:26:37,897 - INFO - Processing article 9/12
2025-06-26 12:26:40,309 - INFO - Processing article 10/12
2025-06-26 12:26:42,189 - INFO - Processing article 11/12
2025-06-26 12:26:44,255 - INFO - Processing article 12/12
2025-06-26 12:26:46,187 - INFO - Successfully scraped 12 articles
2025-06-26 12:26:46,284 - INFO - Saved 17 unique articles to assets/csv/ainews.csv
2025-06-26 12:26:46,295 - INFO - Saved data to assets/json/ainews.json
2025-06-26 12:26:46,298 - INFO - === SCRAPING SUMMARY ===
2025-06-26 12:26:46,299 - INFO - Total articles: 17
2025-06-26 12:26:46,299 - INFO - Articles with full content: 17
2025-06-26 12:26:46,300 - INFO - Average word count: 1159.2
2025-06-26 12:26:46,300 - INFO - ========================
